{
  "RSpec": {
    "coverage": {
      "/Users/nhunguyen/Documents/Ruby/tictactoe/lib/tic_tac_toe/game_factory.rb": [
        1,
        1,
        1,
        1,
        null,
        1,
        1,
        1,
        11,
        null,
        null,
        1,
        11,
        11,
        null,
        null,
        1,
        5,
        null,
        5,
        4,
        4,
        4,
        null,
        1,
        null,
        null,
        null,
        null
      ],
      "/Users/nhunguyen/Documents/Ruby/tictactoe/lib/tic_tac_toe/game.rb": [
        1,
        1,
        null,
        1,
        1,
        1,
        null,
        1,
        17,
        17,
        17,
        null,
        null,
        1,
        2,
        null,
        null,
        1,
        3,
        null,
        null,
        1,
        11,
        11,
        9,
        9,
        null,
        null,
        null,
        1,
        1,
        5,
        null,
        null,
        1,
        8,
        null,
        null,
        1,
        9,
        null,
        null,
        null
      ],
      "/Users/nhunguyen/Documents/Ruby/tictactoe/lib/tic_tac_toe/runner.rb": [
        1,
        1,
        1,
        null,
        1,
        1,
        null,
        1,
        10,
        10,
        null,
        null,
        1,
        10,
        10,
        10,
        10,
        10,
        null,
        null,
        1,
        1,
        null,
        1,
        11,
        11,
        11,
        1,
        1,
        null,
        null,
        null,
        1,
        3,
        3,
        3,
        null,
        null,
        1,
        4,
        4,
        1,
        1,
        null,
        null,
        null,
        1,
        10,
        10,
        1,
        null,
        9,
        null,
        null,
        null,
        1,
        13,
        null,
        null,
        null
      ],
      "/Users/nhunguyen/Documents/Ruby/tictactoe/lib/tic_tac_toe/ui/console.rb": [
        1,
        null,
        1,
        1,
        null,
        1,
        14,
        14,
        null,
        null,
        1,
        1,
        null,
        null,
        1,
        4,
        null,
        null,
        1,
        5,
        5,
        5,
        5,
        4,
        null,
        1,
        null,
        null,
        null,
        1,
        1,
        null,
        null,
        1,
        1,
        null,
        null,
        1,
        1,
        null,
        null,
        1,
        1,
        null,
        null,
        1,
        1,
        4,
        4,
        21,
        21,
        null,
        4,
        null,
        null,
        1,
        5,
        5,
        20,
        null,
        5,
        null,
        null,
        1,
        20,
        null,
        null,
        1,
        40,
        20,
        null,
        null,
        null
      ]
    },
    "timestamp": 1376345023
  }
}
