{
  "RSpec": {
    "coverage": {
      "/Users/nhunguyen/Documents/Ruby/tictactoe/lib/tic_tac_toe/board.rb": [
        1,
        1,
        null,
        null,
        1,
        1,
        null,
        1,
        98,
        98,
        null,
        null,
        1,
        99,
        99,
        99,
        null,
        null,
        1,
        3360,
        3357,
        3357,
        null,
        3,
        null,
        null,
        null,
        1,
        3070,
        null,
        null,
        1,
        2242,
        null,
        null,
        1,
        26,
        null,
        null,
        1,
        8638,
        25914,
        null,
        null,
        null,
        1,
        8635,
        8635,
        null,
        233145,
        25905,
        null,
        8635,
        null,
        null,
        1,
        8635,
        8635,
        8635,
        null,
        null,
        1,
        3896,
        3896,
        35064,
        null,
        3896,
        null,
        null,
        1,
        1,
        38424,
        38422,
        null,
        9631,
        null,
        null,
        1,
        38424,
        38423,
        38422,
        null,
        null,
        1,
        38422,
        null,
        null,
        1,
        8635,
        77715,
        null,
        8635,
        null,
        null,
        1,
        86350,
        null,
        null,
        null
      ],
      "/Users/nhunguyen/Documents/Ruby/tictactoe/lib/tic_tac_toe/controller.rb": [
        1,
        1,
        1,
        1,
        null,
        1,
        1,
        null,
        1,
        0,
        0,
        0,
        0,
        null,
        null,
        1,
        0,
        0,
        0,
        null,
        0,
        0,
        0,
        null,
        null,
        1,
        1,
        null,
        1,
        0,
        0,
        0,
        0,
        0,
        null,
        0,
        null,
        0,
        null,
        null,
        null,
        null
      ],
      "/Users/nhunguyen/Documents/Ruby/tictactoe/lib/tic_tac_toe/rules.rb": [
        1,
        1,
        1,
        57,
        null,
        null,
        1,
        3076,
        1920,
        1603,
        null,
        null,
        1,
        321,
        null,
        null,
        1,
        13516,
        null,
        null,
        1,
        1,
        8633,
        164331,
        null,
        null,
        null,
        1,
        8633,
        null,
        null,
        null
      ],
      "/Users/nhunguyen/Documents/Ruby/tictactoe/lib/tic_tac_toe/ui/console.rb": [
        1,
        null,
        1,
        1,
        null,
        1,
        10,
        10,
        null,
        null,
        1,
        1,
        null,
        null,
        1,
        4,
        null,
        null,
        1,
        1,
        null,
        null,
        1,
        3,
        3,
        3,
        3,
        null,
        null,
        1,
        1,
        4,
        4,
        21,
        21,
        null,
        4,
        null,
        null,
        1,
        3,
        3,
        9,
        null,
        3,
        null,
        null,
        null
      ],
      "/Users/nhunguyen/Documents/Ruby/tictactoe/lib/tic_tac_toe/game_factory.rb": [
        1,
        1,
        1,
        null,
        1,
        1,
        1,
        null,
        1,
        7,
        null,
        null,
        1,
        4,
        null,
        null,
        1,
        3,
        null,
        1,
        null,
        1,
        null,
        1,
        null,
        0,
        null,
        null,
        null,
        1,
        1,
        1,
        1,
        1,
        null,
        null,
        1,
        1,
        1,
        1,
        null,
        null,
        1,
        1,
        1,
        1,
        null,
        null,
        null
      ],
      "/Users/nhunguyen/Documents/Ruby/tictactoe/lib/tic_tac_toe/game.rb": [
        1,
        1,
        1,
        null,
        1,
        10,
        10,
        10,
        null,
        null,
        1,
        4,
        4,
        2,
        2,
        null,
        null,
        null,
        1,
        3,
        3,
        2,
        null,
        1,
        null,
        null,
        null,
        1,
        1,
        2,
        null,
        null,
        1,
        3,
        2,
        1,
        null,
        null,
        null
      ],
      "/Users/nhunguyen/Documents/Ruby/tictactoe/lib/tic_tac_toe/player_factory.rb": [
        1,
        1,
        1,
        null,
        1,
        1,
        null,
        1,
        4,
        null,
        null,
        1,
        4,
        4,
        null,
        null,
        null
      ],
      "/Users/nhunguyen/Documents/Ruby/tictactoe/lib/tic_tac_toe/strategy/minimax.rb": [
        1,
        null,
        1,
        1,
        1,
        1,
        27,
        27,
        27,
        27,
        null,
        null,
        1,
        23,
        3,
        null,
        20,
        20,
        null,
        null,
        null,
        1,
        1,
        1,
        1,
        1,
        null,
        1,
        23,
        23,
        null,
        null,
        1,
        3,
        1,
        null,
        null,
        1,
        1620,
        1620,
        3068,
        3068,
        3068,
        3068,
        null,
        1620,
        null,
        null,
        1,
        3068,
        1468,
        null,
        1600,
        1600,
        null,
        null,
        null,
        1,
        3068,
        null,
        null,
        1,
        1468,
        1468,
        320,
        317,
        null,
        null,
        null,
        null,
        1,
        1920,
        null,
        null,
        1,
        3227,
        4688,
        null,
        null,
        null,
        1,
        null,
        null
      ],
      "/Users/nhunguyen/Documents/Ruby/tictactoe/lib/tic_tac_toe/strategy/console_user.rb": [
        1,
        1,
        1,
        null,
        1,
        7,
        7,
        null,
        null,
        1,
        3,
        null,
        3,
        5,
        5,
        null,
        null,
        3,
        null,
        null,
        1,
        1,
        null,
        null,
        null,
        null
      ],
      "/Users/nhunguyen/Documents/Ruby/tictactoe/lib/tic_tac_toe/player.rb": [
        1,
        1,
        1,
        null,
        1,
        26,
        26,
        26,
        null,
        null,
        1,
        5,
        null,
        null,
        null
      ]
    },
    "timestamp": 1371847862
  }
}
